2017-09-18 16:23:55.626 INFO [demos.quartz.SimpleExample] - <------- Initializing ---------------------->
2017-09-18 16:23:55.669 INFO [org.quartz.impl.StdSchedulerFactory] - <Using default implementation for ThreadExecutor>
2017-09-18 16:23:55.672 INFO [org.quartz.simpl.SimpleThreadPool] - <Job execution threads will use class loader of thread: main>
2017-09-18 16:23:55.690 INFO [org.quartz.core.SchedulerSignalerImpl] - <Initialized Scheduler Signaller of type: class org.quartz.core.SchedulerSignalerImpl>
2017-09-18 16:23:55.692 INFO [org.quartz.core.QuartzScheduler] - <Quartz Scheduler v.2.2.1 created.>
2017-09-18 16:23:55.693 INFO [org.quartz.simpl.RAMJobStore] - <RAMJobStore initialized.>
2017-09-18 16:23:55.694 INFO [org.quartz.core.QuartzScheduler] - <Scheduler meta-data: Quartz Scheduler (v2.2.1) 'DefaultQuartzScheduler' with instanceId 'NON_CLUSTERED'
  Scheduler class: 'org.quartz.core.QuartzScheduler' - running locally.
  NOT STARTED.
  Currently in standby mode.
  Number of jobs executed: 0
  Using thread pool 'org.quartz.simpl.SimpleThreadPool' - with 10 threads.
  Using job-store 'org.quartz.simpl.RAMJobStore' - which does not support persistence. and is not clustered.
>
2017-09-18 16:23:55.694 INFO [org.quartz.impl.StdSchedulerFactory] - <Quartz scheduler 'DefaultQuartzScheduler' initialized from default resource file in Quartz package: 'quartz.properties'>
2017-09-18 16:23:55.694 INFO [org.quartz.impl.StdSchedulerFactory] - <Quartz scheduler version: 2.2.1>
2017-09-18 16:23:55.694 INFO [demos.quartz.SimpleExample] - <------- Initialization Complete ----------->
2017-09-18 16:23:55.696 INFO [demos.quartz.SimpleExample] - <------- Scheduling Job  ------------------->
2017-09-18 16:23:55.706 INFO [demos.quartz.SimpleExample] - <group1.job1 will run at: Mon Sep 18 16:24:00 CST 2017>
2017-09-18 16:23:55.706 INFO [org.quartz.core.QuartzScheduler] - <Scheduler DefaultQuartzScheduler_$_NON_CLUSTERED started.>
2017-09-18 16:23:55.706 INFO [demos.quartz.SimpleExample] - <------- Started Scheduler ----------------->
2017-09-18 16:23:55.706 INFO [demos.quartz.SimpleExample] - <------- Waiting 65 seconds... ------------->
2017-09-18 16:24:00.007 INFO [demos.quartz.MyJob] - <hello,我的第一个任务调度程序>
2017-09-18 16:24:30.183 INFO [demos.quartz.SimpleExample] - <------- Initializing ---------------------->
2017-09-18 16:24:30.222 INFO [org.quartz.impl.StdSchedulerFactory] - <Using default implementation for ThreadExecutor>
2017-09-18 16:24:30.225 INFO [org.quartz.simpl.SimpleThreadPool] - <Job execution threads will use class loader of thread: main>
2017-09-18 16:24:30.240 INFO [org.quartz.core.SchedulerSignalerImpl] - <Initialized Scheduler Signaller of type: class org.quartz.core.SchedulerSignalerImpl>
2017-09-18 16:24:30.242 INFO [org.quartz.core.QuartzScheduler] - <Quartz Scheduler v.2.2.1 created.>
2017-09-18 16:24:30.243 INFO [org.quartz.simpl.RAMJobStore] - <RAMJobStore initialized.>
2017-09-18 16:24:30.244 INFO [org.quartz.core.QuartzScheduler] - <Scheduler meta-data: Quartz Scheduler (v2.2.1) 'DefaultQuartzScheduler' with instanceId 'NON_CLUSTERED'
  Scheduler class: 'org.quartz.core.QuartzScheduler' - running locally.
  NOT STARTED.
  Currently in standby mode.
  Number of jobs executed: 0
  Using thread pool 'org.quartz.simpl.SimpleThreadPool' - with 10 threads.
  Using job-store 'org.quartz.simpl.RAMJobStore' - which does not support persistence. and is not clustered.
>
2017-09-18 16:24:30.245 INFO [org.quartz.impl.StdSchedulerFactory] - <Quartz scheduler 'DefaultQuartzScheduler' initialized from default resource file in Quartz package: 'quartz.properties'>
2017-09-18 16:24:30.245 INFO [org.quartz.impl.StdSchedulerFactory] - <Quartz scheduler version: 2.2.1>
2017-09-18 16:24:30.245 INFO [demos.quartz.SimpleExample] - <------- Initialization Complete ----------->
2017-09-18 16:24:30.246 INFO [demos.quartz.SimpleExample] - <------- Scheduling Job  ------------------->
2017-09-18 16:24:30.260 INFO [demos.quartz.SimpleExample] - <group1.job1 will run at: Mon Sep 18 16:25:00 CST 2017>
2017-09-18 16:24:30.260 INFO [org.quartz.core.QuartzScheduler] - <Scheduler DefaultQuartzScheduler_$_NON_CLUSTERED started.>
2017-09-18 16:24:30.260 INFO [demos.quartz.SimpleExample] - <------- Started Scheduler ----------------->
2017-09-18 16:24:30.260 INFO [demos.quartz.SimpleExample] - <------- Waiting 65 seconds... ------------->
2017-09-18 16:24:35.260 INFO [demos.quartz.SimpleExample] - <------- Shutting Down --------------------->
2017-09-18 16:24:35.260 INFO [org.quartz.core.QuartzScheduler] - <Scheduler DefaultQuartzScheduler_$_NON_CLUSTERED shutting down.>
2017-09-18 16:24:35.260 INFO [org.quartz.core.QuartzScheduler] - <Scheduler DefaultQuartzScheduler_$_NON_CLUSTERED paused.>
2017-09-18 16:24:35.728 INFO [org.quartz.core.QuartzScheduler] - <Scheduler DefaultQuartzScheduler_$_NON_CLUSTERED shutdown complete.>
2017-09-18 16:24:35.728 INFO [demos.quartz.SimpleExample] - <------- Shutdown Complete ----------------->
2017-09-18 16:36:58.947 INFO [demos.quartz.SimpleExample] - <------- Initializing ---------------------->
2017-09-18 16:36:58.982 INFO [org.quartz.impl.StdSchedulerFactory] - <Using default implementation for ThreadExecutor>
2017-09-18 16:36:58.985 INFO [org.quartz.simpl.SimpleThreadPool] - <Job execution threads will use class loader of thread: main>
2017-09-18 16:36:59.000 INFO [org.quartz.core.SchedulerSignalerImpl] - <Initialized Scheduler Signaller of type: class org.quartz.core.SchedulerSignalerImpl>
2017-09-18 16:36:59.001 INFO [org.quartz.core.QuartzScheduler] - <Quartz Scheduler v.2.2.1 created.>
2017-09-18 16:36:59.002 INFO [org.quartz.simpl.RAMJobStore] - <RAMJobStore initialized.>
2017-09-18 16:36:59.003 INFO [org.quartz.core.QuartzScheduler] - <Scheduler meta-data: Quartz Scheduler (v2.2.1) 'DefaultQuartzScheduler' with instanceId 'NON_CLUSTERED'
  Scheduler class: 'org.quartz.core.QuartzScheduler' - running locally.
  NOT STARTED.
  Currently in standby mode.
  Number of jobs executed: 0
  Using thread pool 'org.quartz.simpl.SimpleThreadPool' - with 10 threads.
  Using job-store 'org.quartz.simpl.RAMJobStore' - which does not support persistence. and is not clustered.
>
2017-09-18 16:36:59.003 INFO [org.quartz.impl.StdSchedulerFactory] - <Quartz scheduler 'DefaultQuartzScheduler' initialized from default resource file in Quartz package: 'quartz.properties'>
2017-09-18 16:36:59.003 INFO [org.quartz.impl.StdSchedulerFactory] - <Quartz scheduler version: 2.2.1>
2017-09-18 16:36:59.003 INFO [demos.quartz.SimpleExample] - <------- Initialization Complete ----------->
2017-09-18 16:36:59.004 INFO [demos.quartz.SimpleExample] - <2017-09-18 16:36:59===2017-09-18 16:36:59>
2017-09-18 16:36:59.005 INFO [demos.quartz.SimpleExample] - <------- Scheduling Job  ------------------->
2017-09-18 16:36:59.015 INFO [demos.quartz.SimpleExample] - <group1.job1 will run at: Mon Sep 18 16:37:00 CST 2017>
2017-09-18 16:36:59.015 INFO [org.quartz.core.QuartzScheduler] - <Scheduler DefaultQuartzScheduler_$_NON_CLUSTERED started.>
2017-09-18 16:36:59.016 INFO [demos.quartz.SimpleExample] - <------- Started Scheduler ----------------->
2017-09-18 16:36:59.016 INFO [demos.quartz.SimpleExample] - <------- Waiting 65 seconds... ------------->
2017-09-18 16:37:00.006 INFO [demos.quartz.MyJob] - <hello,我的第一个任务调度程序>
2017-09-18 16:37:04.016 INFO [demos.quartz.SimpleExample] - <------- Shutting Down --------------------->
2017-09-18 16:37:04.016 INFO [org.quartz.core.QuartzScheduler] - <Scheduler DefaultQuartzScheduler_$_NON_CLUSTERED shutting down.>
2017-09-18 16:37:04.016 INFO [org.quartz.core.QuartzScheduler] - <Scheduler DefaultQuartzScheduler_$_NON_CLUSTERED paused.>
2017-09-18 16:37:04.507 INFO [org.quartz.core.QuartzScheduler] - <Scheduler DefaultQuartzScheduler_$_NON_CLUSTERED shutdown complete.>
2017-09-18 16:37:04.507 INFO [demos.quartz.SimpleExample] - <------- Shutdown Complete ----------------->
2017-09-18 16:53:11.895 INFO [demos.quartz.SimpleTriggerExample] - <------- Initializing ------------------->
2017-09-18 16:53:11.944 INFO [org.quartz.impl.StdSchedulerFactory] - <Using default implementation for ThreadExecutor>
2017-09-18 16:53:11.948 INFO [org.quartz.simpl.SimpleThreadPool] - <Job execution threads will use class loader of thread: main>
2017-09-18 16:53:11.970 INFO [org.quartz.core.SchedulerSignalerImpl] - <Initialized Scheduler Signaller of type: class org.quartz.core.SchedulerSignalerImpl>
2017-09-18 16:53:11.972 INFO [org.quartz.core.QuartzScheduler] - <Quartz Scheduler v.2.2.1 created.>
2017-09-18 16:53:11.973 INFO [org.quartz.simpl.RAMJobStore] - <RAMJobStore initialized.>
2017-09-18 16:53:11.974 INFO [org.quartz.core.QuartzScheduler] - <Scheduler meta-data: Quartz Scheduler (v2.2.1) 'DefaultQuartzScheduler' with instanceId 'NON_CLUSTERED'
  Scheduler class: 'org.quartz.core.QuartzScheduler' - running locally.
  NOT STARTED.
  Currently in standby mode.
  Number of jobs executed: 0
  Using thread pool 'org.quartz.simpl.SimpleThreadPool' - with 10 threads.
  Using job-store 'org.quartz.simpl.RAMJobStore' - which does not support persistence. and is not clustered.
>
2017-09-18 16:53:11.975 INFO [org.quartz.impl.StdSchedulerFactory] - <Quartz scheduler 'DefaultQuartzScheduler' initialized from default resource file in Quartz package: 'quartz.properties'>
2017-09-18 16:53:11.975 INFO [org.quartz.impl.StdSchedulerFactory] - <Quartz scheduler version: 2.2.1>
2017-09-18 16:53:11.975 INFO [demos.quartz.SimpleTriggerExample] - <------- Initialization Complete -------->
2017-09-18 16:53:11.975 INFO [demos.quartz.SimpleTriggerExample] - <------- Scheduling Jobs ---------------->
2017-09-18 16:53:11.992 INFO [demos.quartz.SimpleTriggerExample] - <group1.job1 will run at: Mon Sep 18 16:53:15 CST 2017 and repeat: 0 times, every 0 seconds>
2017-09-18 16:53:11.992 INFO [demos.quartz.SimpleTriggerExample] - <group1.job2 will run at: Mon Sep 18 16:53:15 CST 2017 and repeat: 0 times, every 0 seconds>
2017-09-18 16:53:11.993 INFO [demos.quartz.SimpleTriggerExample] - <group1.job3 will run at: Mon Sep 18 16:53:15 CST 2017 and repeat: 10 times, every 10 seconds>
2017-09-18 16:53:11.993 INFO [demos.quartz.SimpleTriggerExample] - <group1.job3 will [also] run at: Mon Sep 18 16:53:15 CST 2017 and repeat: 2 times, every 10 seconds>
2017-09-18 16:53:11.993 INFO [demos.quartz.SimpleTriggerExample] - <group1.job4 will run at: Mon Sep 18 16:53:15 CST 2017 and repeat: 5 times, every 10 seconds>
2017-09-18 16:53:11.995 INFO [demos.quartz.SimpleTriggerExample] - <group1.job5 will run at: Mon Sep 18 16:58:11 CST 2017 and repeat: 0 times, every 0 seconds>
2017-09-18 16:53:11.995 INFO [demos.quartz.SimpleTriggerExample] - <group1.job6 will run at: Mon Sep 18 16:53:15 CST 2017 and repeat: -1 times, every 40 seconds>
2017-09-18 16:53:11.995 INFO [demos.quartz.SimpleTriggerExample] - <------- Starting Scheduler ---------------->
2017-09-18 16:53:11.995 INFO [org.quartz.core.QuartzScheduler] - <Scheduler DefaultQuartzScheduler_$_NON_CLUSTERED started.>
2017-09-18 16:53:11.996 INFO [demos.quartz.SimpleTriggerExample] - <------- Started Scheduler ----------------->
2017-09-18 16:53:11.998 INFO [demos.quartz.SimpleTriggerExample] - <group1.job7 will run at: Mon Sep 18 16:53:15 CST 2017 and repeat: 20 times, every 300 seconds>
2017-09-18 16:53:11.998 INFO [demos.quartz.SimpleTriggerExample] - <'Manually' triggering job8...>
2017-09-18 16:53:11.998 INFO [demos.quartz.SimpleTriggerExample] - <------- Waiting 30 seconds... -------------->
2017-09-18 16:53:12.011 INFO [demos.quartz.SimpleJob] - <SimpleJob says: group1.job8 executing at Mon Sep 18 16:53:12 CST 2017>
2017-09-18 16:53:15.003 INFO [demos.quartz.SimpleJob] - <SimpleJob says: group1.job3 executing at Mon Sep 18 16:53:15 CST 2017>
2017-09-18 16:53:15.005 INFO [demos.quartz.SimpleJob] - <SimpleJob says: group1.job1 executing at Mon Sep 18 16:53:15 CST 2017>
2017-09-18 16:53:15.006 INFO [demos.quartz.SimpleJob] - <SimpleJob says: group1.job4 executing at Mon Sep 18 16:53:15 CST 2017>
2017-09-18 16:53:15.006 INFO [demos.quartz.SimpleJob] - <SimpleJob says: group1.job2 executing at Mon Sep 18 16:53:15 CST 2017>
2017-09-18 16:53:15.008 INFO [demos.quartz.SimpleJob] - <SimpleJob says: group1.job3 executing at Mon Sep 18 16:53:15 CST 2017>
2017-09-18 16:53:15.008 INFO [demos.quartz.SimpleJob] - <SimpleJob says: group1.job6 executing at Mon Sep 18 16:53:15 CST 2017>
2017-09-18 16:53:15.009 INFO [demos.quartz.SimpleJob] - <SimpleJob says: group1.job7 executing at Mon Sep 18 16:53:15 CST 2017>
2017-09-18 16:53:25.000 INFO [demos.quartz.SimpleJob] - <SimpleJob says: group1.job4 executing at Mon Sep 18 16:53:25 CST 2017>
2017-09-18 16:53:25.000 INFO [demos.quartz.SimpleJob] - <SimpleJob says: group1.job3 executing at Mon Sep 18 16:53:25 CST 2017>
2017-09-18 16:53:25.002 INFO [demos.quartz.SimpleJob] - <SimpleJob says: group1.job3 executing at Mon Sep 18 16:53:25 CST 2017>
2017-09-18 17:07:07.395 INFO [demos.quartz.SimpleExample] - <------- Initializing ---------------------->
2017-09-18 17:07:07.439 INFO [org.quartz.impl.StdSchedulerFactory] - <Using default implementation for ThreadExecutor>
2017-09-18 17:07:07.443 INFO [org.quartz.simpl.SimpleThreadPool] - <Job execution threads will use class loader of thread: main>
2017-09-18 17:07:07.458 INFO [org.quartz.core.SchedulerSignalerImpl] - <Initialized Scheduler Signaller of type: class org.quartz.core.SchedulerSignalerImpl>
2017-09-18 17:07:07.459 INFO [org.quartz.core.QuartzScheduler] - <Quartz Scheduler v.2.2.1 created.>
2017-09-18 17:07:07.460 INFO [org.quartz.simpl.RAMJobStore] - <RAMJobStore initialized.>
2017-09-18 17:07:07.461 INFO [org.quartz.core.QuartzScheduler] - <Scheduler meta-data: Quartz Scheduler (v2.2.1) 'DefaultQuartzScheduler' with instanceId 'NON_CLUSTERED'
  Scheduler class: 'org.quartz.core.QuartzScheduler' - running locally.
  NOT STARTED.
  Currently in standby mode.
  Number of jobs executed: 0
  Using thread pool 'org.quartz.simpl.SimpleThreadPool' - with 10 threads.
  Using job-store 'org.quartz.simpl.RAMJobStore' - which does not support persistence. and is not clustered.
>
2017-09-18 17:07:07.461 INFO [org.quartz.impl.StdSchedulerFactory] - <Quartz scheduler 'DefaultQuartzScheduler' initialized from default resource file in Quartz package: 'quartz.properties'>
2017-09-18 17:07:07.461 INFO [org.quartz.impl.StdSchedulerFactory] - <Quartz scheduler version: 2.2.1>
2017-09-18 17:07:07.461 INFO [demos.quartz.SimpleExample] - <------- Initialization Complete ----------->
2017-09-18 17:07:07.462 INFO [demos.quartz.SimpleExample] - <------- Scheduling Job  ------------------->
