2017-09-24 15:50:48.552 INFO [org.springframework.test.context.support.DefaultTestContextBootstrapper] - <Loaded default TestExecutionListener class names from location [META-INF/spring.factories]: [org.springframework.test.context.web.ServletTestExecutionListener, org.springframework.test.context.support.DirtiesContextBeforeModesTestExecutionListener, org.springframework.test.context.support.DependencyInjectionTestExecutionListener, org.springframework.test.context.support.DirtiesContextTestExecutionListener, org.springframework.test.context.transaction.TransactionalTestExecutionListener, org.springframework.test.context.jdbc.SqlScriptsTestExecutionListener]>
2017-09-24 15:50:48.616 INFO [org.springframework.test.context.support.DefaultTestContextBootstrapper] - <Using TestExecutionListeners: [org.springframework.test.context.web.ServletTestExecutionListener@548a9f61, org.springframework.test.context.support.DirtiesContextBeforeModesTestExecutionListener@1753acfe, org.springframework.test.context.support.DependencyInjectionTestExecutionListener@7c16905e, org.springframework.test.context.support.DirtiesContextTestExecutionListener@2a2d45ba, org.springframework.test.context.transaction.TransactionalTestExecutionListener@2a5ca609, org.springframework.test.context.jdbc.SqlScriptsTestExecutionListener@20e2cbe0]>
2017-09-24 15:50:48.744 INFO [org.springframework.beans.factory.xml.XmlBeanDefinitionReader] - <Loading XML bean definitions from file [D:\git\jeesky\jeesky\src\main\webapp\WEB-INF\config-test\spring\aop.bean.xml]>
2017-09-24 15:50:49.200 INFO [org.springframework.beans.factory.xml.XmlBeanDefinitionReader] - <Loading XML bean definitions from file [D:\git\jeesky\jeesky\src\main\webapp\WEB-INF\config-test\spring\data-source.bean.xml]>
2017-09-24 15:50:49.228 INFO [org.springframework.beans.factory.xml.XmlBeanDefinitionReader] - <Loading XML bean definitions from file [D:\git\jeesky\jeesky\src\main\webapp\WEB-INF\config-test\spring\hibernate.bean.xml]>
2017-09-24 15:50:49.277 INFO [org.springframework.beans.factory.xml.XmlBeanDefinitionReader] - <Loading XML bean definitions from file [D:\git\jeesky\jeesky\src\main\webapp\WEB-INF\config-test\spring\spring.bean.xml]>
2017-09-24 15:50:49.664 INFO [org.springframework.beans.factory.xml.XmlBeanDefinitionReader] - <Loading XML bean definitions from file [D:\git\jeesky\jeesky\bin\cn\luna\sky\core\module\lines\Lines.bean.xml]>
2017-09-24 15:50:49.678 INFO [org.springframework.context.support.GenericApplicationContext] - <Refreshing org.springframework.context.support.GenericApplicationContext@5700d6b1: startup date [Sun Sep 24 15:50:49 CST 2017]; root of context hierarchy>
2017-09-24 15:50:50.282 INFO [com.mchange.v2.log.MLog] - <MLog clients using slf4j logging.>
2017-09-24 15:50:50.950 INFO [com.mchange.v2.c3p0.C3P0Registry] - <Initializing c3p0-0.9.5.2 [built 08-December-2015 22:06:04 -0800; debug? true; trace: 10]>
2017-09-24 15:50:52.163 INFO [org.hibernate.Version] - <HHH000412: Hibernate Core {5.2.11.Final}>
2017-09-24 15:50:52.166 INFO [org.hibernate.cfg.Environment] - <HHH000206: hibernate.properties not found>
2017-09-24 15:50:53.742 WARN [org.hibernate.orm.deprecation] - <HHH90000012: Recognized obsolete hibernate namespace http://hibernate.sourceforge.net/hibernate-mapping. Use namespace http://www.hibernate.org/dtd/hibernate-mapping instead.  Support for obsolete DTD/XSD namespaces may be removed at any time.>
2017-09-24 15:50:53.833 INFO [org.hibernate.annotations.common.Version] - <HCANN000001: Hibernate Commons Annotations {5.0.1.Final}>
2017-09-24 15:50:54.065 INFO [com.mchange.v2.c3p0.impl.AbstractPoolBackedDataSource] - <Initializing c3p0 pool... com.mchange.v2.c3p0.ComboPooledDataSource [ acquireIncrement -> 3, acquireRetryAttempts -> 30, acquireRetryDelay -> 1000, autoCommitOnClose -> false, automaticTestTable -> null, breakAfterAcquireFailure -> false, checkoutTimeout -> 0, connectionCustomizerClassName -> null, connectionTesterClassName -> com.mchange.v2.c3p0.impl.DefaultConnectionTester, contextClassLoaderSource -> caller, dataSourceName -> 1hge1ic9q1dmnmrd1n5xcy3|65f095f8, debugUnreturnedConnectionStackTraces -> false, description -> null, driverClass -> com.mysql.jdbc.Driver, extensions -> {}, factoryClassLocation -> null, forceIgnoreUnresolvedTransactions -> false, forceSynchronousCheckins -> false, forceUseNamedDriverClass -> false, identityToken -> 1hge1ic9q1dmnmrd1n5xcy3|65f095f8, idleConnectionTestPeriod -> 0, initialPoolSize -> 1, jdbcUrl -> jdbc:mysql://localhost:3307/jeesky?useUnicode=true&characterEncoding=utf-8&autoReconnect=true&failOverReadOnly=false, maxAdministrativeTaskTime -> 0, maxConnectionAge -> 0, maxIdleTime -> 20, maxIdleTimeExcessConnections -> 0, maxPoolSize -> 40, maxStatements -> 0, maxStatementsPerConnection -> 0, minPoolSize -> 1, numHelperThreads -> 3, preferredTestQuery -> null, privilegeSpawnedThreads -> false, properties -> {user=******, password=******}, propertyCycle -> 0, statementCacheNumDeferredCloseThreads -> 0, testConnectionOnCheckin -> false, testConnectionOnCheckout -> false, unreturnedConnectionTimeout -> 0, userOverrides -> {}, usesTraditionalReflectiveProxies -> false ]>
2017-09-24 15:50:54.548 INFO [org.hibernate.dialect.Dialect] - <HHH000400: Using dialect: org.hibernate.dialect.MySQL5Dialect>
2017-09-24 15:50:55.725 INFO [org.springframework.orm.hibernate5.HibernateTransactionManager] - <Using DataSource [com.mchange.v2.c3p0.ComboPooledDataSource[ identityToken -> 1hge1ic9q1dmnmrd1n5xcy3|65f095f8, dataSourceName -> 1hge1ic9q1dmnmrd1n5xcy3|65f095f8 ]] of Hibernate SessionFactory for HibernateTransactionManager>
2017-09-24 15:50:55.836 WARN [org.springframework.context.support.GenericApplicationContext] - <Exception encountered during context initialization - cancelling refresh attempt: org.springframework.beans.factory.UnsatisfiedDependencyException: Error creating bean with name 'menuController': Unsatisfied dependency expressed through field 'service'; nested exception is org.springframework.beans.factory.NoSuchBeanDefinitionException: No qualifying bean of type 'cn.luna.sky.core.module.menu.service.MenuService' available: expected at least 1 bean which qualifies as autowire candidate. Dependency annotations: {@org.springframework.beans.factory.annotation.Autowired(required=true)}>
2017-09-24 15:50:55.845 ERROR [org.springframework.test.context.TestContextManager] - <Caught exception while allowing TestExecutionListener [org.springframework.test.context.support.DependencyInjectionTestExecutionListener@7c16905e] to prepare test instance [cn.luna.sky.core.module.menu.web.MenuController@5d5160e6]>
java.lang.IllegalStateException: Failed to load ApplicationContext
	at org.springframework.test.context.cache.DefaultCacheAwareContextLoaderDelegate.loadContext(DefaultCacheAwareContextLoaderDelegate.java:124)
	at org.springframework.test.context.support.DefaultTestContext.getApplicationContext(DefaultTestContext.java:83)
	at org.springframework.test.context.support.DependencyInjectionTestExecutionListener.injectDependencies(DependencyInjectionTestExecutionListener.java:117)
	at org.springframework.test.context.support.DependencyInjectionTestExecutionListener.prepareTestInstance(DependencyInjectionTestExecutionListener.java:83)
	at org.springframework.test.context.TestContextManager.prepareTestInstance(TestContextManager.java:230)
	at org.springframework.test.context.junit4.SpringJUnit4ClassRunner.createTest(SpringJUnit4ClassRunner.java:228)
	at org.springframework.test.context.junit4.SpringJUnit4ClassRunner$1.runReflectiveCall(SpringJUnit4ClassRunner.java:287)
	at org.junit.internal.runners.model.ReflectiveCallable.run(ReflectiveCallable.java:12)
	at org.springframework.test.context.junit4.SpringJUnit4ClassRunner.methodBlock(SpringJUnit4ClassRunner.java:289)
	at org.springframework.test.context.junit4.SpringJUnit4ClassRunner.runChild(SpringJUnit4ClassRunner.java:247)
	at org.springframework.test.context.junit4.SpringJUnit4ClassRunner.runChild(SpringJUnit4ClassRunner.java:94)
	at org.junit.runners.ParentRunner$3.run(ParentRunner.java:290)
	at org.junit.runners.ParentRunner$1.schedule(ParentRunner.java:71)
	at org.junit.runners.ParentRunner.runChildren(ParentRunner.java:288)
	at org.junit.runners.ParentRunner.access$000(ParentRunner.java:58)
	at org.junit.runners.ParentRunner$2.evaluate(ParentRunner.java:268)
	at org.springframework.test.context.junit4.statements.RunBeforeTestClassCallbacks.evaluate(RunBeforeTestClassCallbacks.java:61)
	at org.springframework.test.context.junit4.statements.RunAfterTestClassCallbacks.evaluate(RunAfterTestClassCallbacks.java:70)
	at org.junit.runners.ParentRunner.run(ParentRunner.java:363)
	at org.springframework.test.context.junit4.SpringJUnit4ClassRunner.run(SpringJUnit4ClassRunner.java:191)
	at org.eclipse.jdt.internal.junit4.runner.JUnit4TestReference.run(JUnit4TestReference.java:50)
	at org.eclipse.jdt.internal.junit.runner.TestExecution.run(TestExecution.java:38)
	at org.eclipse.jdt.internal.junit.runner.RemoteTestRunner.runTests(RemoteTestRunner.java:459)
	at org.eclipse.jdt.internal.junit.runner.RemoteTestRunner.runTests(RemoteTestRunner.java:675)
	at org.eclipse.jdt.internal.junit.runner.RemoteTestRunner.run(RemoteTestRunner.java:382)
	at org.eclipse.jdt.internal.junit.runner.RemoteTestRunner.main(RemoteTestRunner.java:192)
Caused by: org.springframework.beans.factory.UnsatisfiedDependencyException: Error creating bean with name 'menuController': Unsatisfied dependency expressed through field 'service'; nested exception is org.springframework.beans.factory.NoSuchBeanDefinitionException: No qualifying bean of type 'cn.luna.sky.core.module.menu.service.MenuService' available: expected at least 1 bean which qualifies as autowire candidate. Dependency annotations: {@org.springframework.beans.factory.annotation.Autowired(required=true)}
	at org.springframework.beans.factory.annotation.AutowiredAnnotationBeanPostProcessor$AutowiredFieldElement.inject(AutowiredAnnotationBeanPostProcessor.java:588)
	at org.springframework.beans.factory.annotation.InjectionMetadata.inject(InjectionMetadata.java:88)
	at org.springframework.beans.factory.annotation.AutowiredAnnotationBeanPostProcessor.postProcessPropertyValues(AutowiredAnnotationBeanPostProcessor.java:366)
	at org.springframework.beans.factory.support.AbstractAutowireCapableBeanFactory.populateBean(AbstractAutowireCapableBeanFactory.java:1264)
	at org.springframework.beans.factory.support.AbstractAutowireCapableBeanFactory.doCreateBean(AbstractAutowireCapableBeanFactory.java:553)
	at org.springframework.beans.factory.support.AbstractAutowireCapableBeanFactory.createBean(AbstractAutowireCapableBeanFactory.java:483)
	at org.springframework.beans.factory.support.AbstractBeanFactory$1.getObject(AbstractBeanFactory.java:306)
	at org.springframework.beans.factory.support.DefaultSingletonBeanRegistry.getSingleton(DefaultSingletonBeanRegistry.java:230)
	at org.springframework.beans.factory.support.AbstractBeanFactory.doGetBean(AbstractBeanFactory.java:302)
	at org.springframework.beans.factory.support.AbstractBeanFactory.getBean(AbstractBeanFactory.java:197)
	at org.springframework.beans.factory.support.DefaultListableBeanFactory.preInstantiateSingletons(DefaultListableBeanFactory.java:761)
	at org.springframework.context.support.AbstractApplicationContext.finishBeanFactoryInitialization(AbstractApplicationContext.java:867)
	at org.springframework.context.support.AbstractApplicationContext.refresh(AbstractApplicationContext.java:543)
	at org.springframework.test.context.support.AbstractGenericContextLoader.loadContext(AbstractGenericContextLoader.java:128)
	at org.springframework.test.context.support.AbstractGenericContextLoader.loadContext(AbstractGenericContextLoader.java:60)
	at org.springframework.test.context.support.AbstractDelegatingSmartContextLoader.delegateLoading(AbstractDelegatingSmartContextLoader.java:108)
	at org.springframework.test.context.support.AbstractDelegatingSmartContextLoader.loadContext(AbstractDelegatingSmartContextLoader.java:251)
	at org.springframework.test.context.cache.DefaultCacheAwareContextLoaderDelegate.loadContextInternal(DefaultCacheAwareContextLoaderDelegate.java:98)
	at org.springframework.test.context.cache.DefaultCacheAwareContextLoaderDelegate.loadContext(DefaultCacheAwareContextLoaderDelegate.java:116)
	... 25 more
Caused by: org.springframework.beans.factory.NoSuchBeanDefinitionException: No qualifying bean of type 'cn.luna.sky.core.module.menu.service.MenuService' available: expected at least 1 bean which qualifies as autowire candidate. Dependency annotations: {@org.springframework.beans.factory.annotation.Autowired(required=true)}
	at org.springframework.beans.factory.support.DefaultListableBeanFactory.raiseNoMatchingBeanFound(DefaultListableBeanFactory.java:1493)
	at org.springframework.beans.factory.support.DefaultListableBeanFactory.doResolveDependency(DefaultListableBeanFactory.java:1104)
	at org.springframework.beans.factory.support.DefaultListableBeanFactory.resolveDependency(DefaultListableBeanFactory.java:1066)
	at org.springframework.beans.factory.annotation.AutowiredAnnotationBeanPostProcessor$AutowiredFieldElement.inject(AutowiredAnnotationBeanPostProcessor.java:585)
	... 43 more
2017-09-24 15:52:31.007 INFO [org.springframework.test.context.support.DefaultTestContextBootstrapper] - <Loaded default TestExecutionListener class names from location [META-INF/spring.factories]: [org.springframework.test.context.web.ServletTestExecutionListener, org.springframework.test.context.support.DirtiesContextBeforeModesTestExecutionListener, org.springframework.test.context.support.DependencyInjectionTestExecutionListener, org.springframework.test.context.support.DirtiesContextTestExecutionListener, org.springframework.test.context.transaction.TransactionalTestExecutionListener, org.springframework.test.context.jdbc.SqlScriptsTestExecutionListener]>
2017-09-24 15:52:31.032 INFO [org.springframework.test.context.support.DefaultTestContextBootstrapper] - <Using TestExecutionListeners: [org.springframework.test.context.web.ServletTestExecutionListener@548a9f61, org.springframework.test.context.support.DirtiesContextBeforeModesTestExecutionListener@1753acfe, org.springframework.test.context.support.DependencyInjectionTestExecutionListener@7c16905e, org.springframework.test.context.support.DirtiesContextTestExecutionListener@2a2d45ba, org.springframework.test.context.transaction.TransactionalTestExecutionListener@2a5ca609, org.springframework.test.context.jdbc.SqlScriptsTestExecutionListener@20e2cbe0]>
2017-09-24 15:52:31.128 INFO [org.springframework.beans.factory.xml.XmlBeanDefinitionReader] - <Loading XML bean definitions from file [D:\git\jeesky\jeesky\src\main\webapp\WEB-INF\config-test\spring\aop.bean.xml]>
2017-09-24 15:52:31.334 INFO [org.springframework.beans.factory.xml.XmlBeanDefinitionReader] - <Loading XML bean definitions from file [D:\git\jeesky\jeesky\src\main\webapp\WEB-INF\config-test\spring\data-source.bean.xml]>
2017-09-24 15:52:31.361 INFO [org.springframework.beans.factory.xml.XmlBeanDefinitionReader] - <Loading XML bean definitions from file [D:\git\jeesky\jeesky\src\main\webapp\WEB-INF\config-test\spring\hibernate.bean.xml]>
2017-09-24 15:52:31.400 INFO [org.springframework.beans.factory.xml.XmlBeanDefinitionReader] - <Loading XML bean definitions from file [D:\git\jeesky\jeesky\src\main\webapp\WEB-INF\config-test\spring\spring.bean.xml]>
2017-09-24 15:52:31.550 INFO [org.springframework.beans.factory.xml.XmlBeanDefinitionReader] - <Loading XML bean definitions from file [D:\git\jeesky\jeesky\bin\cn\luna\sky\core\module\lines\Lines.bean.xml]>
2017-09-24 15:52:31.564 INFO [org.springframework.beans.factory.xml.XmlBeanDefinitionReader] - <Loading XML bean definitions from file [D:\git\jeesky\jeesky\bin\cn\luna\sky\core\module\menu\menu.bean.xml]>
2017-09-24 15:52:31.583 INFO [org.springframework.context.support.GenericApplicationContext] - <Refreshing org.springframework.context.support.GenericApplicationContext@5700d6b1: startup date [Sun Sep 24 15:52:31 CST 2017]; root of context hierarchy>
2017-09-24 15:52:31.925 INFO [com.mchange.v2.log.MLog] - <MLog clients using slf4j logging.>
2017-09-24 15:52:32.373 INFO [com.mchange.v2.c3p0.C3P0Registry] - <Initializing c3p0-0.9.5.2 [built 08-December-2015 22:06:04 -0800; debug? true; trace: 10]>
2017-09-24 15:52:33.129 INFO [org.hibernate.Version] - <HHH000412: Hibernate Core {5.2.11.Final}>
2017-09-24 15:52:33.132 INFO [org.hibernate.cfg.Environment] - <HHH000206: hibernate.properties not found>
2017-09-24 15:52:34.293 WARN [org.hibernate.orm.deprecation] - <HHH90000012: Recognized obsolete hibernate namespace http://hibernate.sourceforge.net/hibernate-mapping. Use namespace http://www.hibernate.org/dtd/hibernate-mapping instead.  Support for obsolete DTD/XSD namespaces may be removed at any time.>
2017-09-24 15:52:34.360 INFO [org.hibernate.annotations.common.Version] - <HCANN000001: Hibernate Commons Annotations {5.0.1.Final}>
2017-09-24 15:52:34.492 INFO [com.mchange.v2.c3p0.impl.AbstractPoolBackedDataSource] - <Initializing c3p0 pool... com.mchange.v2.c3p0.ComboPooledDataSource [ acquireIncrement -> 3, acquireRetryAttempts -> 30, acquireRetryDelay -> 1000, autoCommitOnClose -> false, automaticTestTable -> null, breakAfterAcquireFailure -> false, checkoutTimeout -> 0, connectionCustomizerClassName -> null, connectionTesterClassName -> com.mchange.v2.c3p0.impl.DefaultConnectionTester, contextClassLoaderSource -> caller, dataSourceName -> 1hge1ic9q1dmpt6ui0q6xl|2e55dd0c, debugUnreturnedConnectionStackTraces -> false, description -> null, driverClass -> com.mysql.jdbc.Driver, extensions -> {}, factoryClassLocation -> null, forceIgnoreUnresolvedTransactions -> false, forceSynchronousCheckins -> false, forceUseNamedDriverClass -> false, identityToken -> 1hge1ic9q1dmpt6ui0q6xl|2e55dd0c, idleConnectionTestPeriod -> 0, initialPoolSize -> 1, jdbcUrl -> jdbc:mysql://localhost:3307/jeesky?useUnicode=true&characterEncoding=utf-8&autoReconnect=true&failOverReadOnly=false, maxAdministrativeTaskTime -> 0, maxConnectionAge -> 0, maxIdleTime -> 20, maxIdleTimeExcessConnections -> 0, maxPoolSize -> 40, maxStatements -> 0, maxStatementsPerConnection -> 0, minPoolSize -> 1, numHelperThreads -> 3, preferredTestQuery -> null, privilegeSpawnedThreads -> false, properties -> {user=******, password=******}, propertyCycle -> 0, statementCacheNumDeferredCloseThreads -> 0, testConnectionOnCheckin -> false, testConnectionOnCheckout -> false, unreturnedConnectionTimeout -> 0, userOverrides -> {}, usesTraditionalReflectiveProxies -> false ]>
2017-09-24 15:52:34.851 INFO [org.hibernate.dialect.Dialect] - <HHH000400: Using dialect: org.hibernate.dialect.MySQL5Dialect>
2017-09-24 15:52:35.788 INFO [org.springframework.orm.hibernate5.HibernateTransactionManager] - <Using DataSource [com.mchange.v2.c3p0.ComboPooledDataSource[ identityToken -> 1hge1ic9q1dmpt6ui0q6xl|2e55dd0c, dataSourceName -> 1hge1ic9q1dmpt6ui0q6xl|2e55dd0c ]] of Hibernate SessionFactory for HibernateTransactionManager>
2017-09-24 15:52:36.197 INFO [org.springframework.context.support.GenericApplicationContext] - <Closing org.springframework.context.support.GenericApplicationContext@5700d6b1: startup date [Sun Sep 24 15:52:31 CST 2017]; root of context hierarchy>
2017-09-24 15:53:30.057 INFO [org.springframework.test.context.support.DefaultTestContextBootstrapper] - <Loaded default TestExecutionListener class names from location [META-INF/spring.factories]: [org.springframework.test.context.web.ServletTestExecutionListener, org.springframework.test.context.support.DirtiesContextBeforeModesTestExecutionListener, org.springframework.test.context.support.DependencyInjectionTestExecutionListener, org.springframework.test.context.support.DirtiesContextTestExecutionListener, org.springframework.test.context.transaction.TransactionalTestExecutionListener, org.springframework.test.context.jdbc.SqlScriptsTestExecutionListener]>
2017-09-24 15:53:30.098 INFO [org.springframework.test.context.support.DefaultTestContextBootstrapper] - <Using TestExecutionListeners: [org.springframework.test.context.web.ServletTestExecutionListener@548a9f61, org.springframework.test.context.support.DirtiesContextBeforeModesTestExecutionListener@1753acfe, org.springframework.test.context.support.DependencyInjectionTestExecutionListener@7c16905e, org.springframework.test.context.support.DirtiesContextTestExecutionListener@2a2d45ba, org.springframework.test.context.transaction.TransactionalTestExecutionListener@2a5ca609, org.springframework.test.context.jdbc.SqlScriptsTestExecutionListener@20e2cbe0]>
2017-09-24 15:53:30.179 INFO [org.springframework.beans.factory.xml.XmlBeanDefinitionReader] - <Loading XML bean definitions from file [D:\git\jeesky\jeesky\src\main\webapp\WEB-INF\config-test\spring\aop.bean.xml]>
2017-09-24 15:53:30.372 INFO [org.springframework.beans.factory.xml.XmlBeanDefinitionReader] - <Loading XML bean definitions from file [D:\git\jeesky\jeesky\src\main\webapp\WEB-INF\config-test\spring\data-source.bean.xml]>
2017-09-24 15:53:30.400 INFO [org.springframework.beans.factory.xml.XmlBeanDefinitionReader] - <Loading XML bean definitions from file [D:\git\jeesky\jeesky\src\main\webapp\WEB-INF\config-test\spring\hibernate.bean.xml]>
2017-09-24 15:53:30.438 INFO [org.springframework.beans.factory.xml.XmlBeanDefinitionReader] - <Loading XML bean definitions from file [D:\git\jeesky\jeesky\src\main\webapp\WEB-INF\config-test\spring\spring.bean.xml]>
2017-09-24 15:53:30.566 INFO [org.springframework.beans.factory.xml.XmlBeanDefinitionReader] - <Loading XML bean definitions from file [D:\git\jeesky\jeesky\bin\cn\luna\sky\core\module\lines\Lines.bean.xml]>
2017-09-24 15:53:30.585 INFO [org.springframework.beans.factory.xml.XmlBeanDefinitionReader] - <Loading XML bean definitions from file [D:\git\jeesky\jeesky\bin\cn\luna\sky\core\module\menu\menu.bean.xml]>
2017-09-24 15:53:30.605 INFO [org.springframework.context.support.GenericApplicationContext] - <Refreshing org.springframework.context.support.GenericApplicationContext@5700d6b1: startup date [Sun Sep 24 15:53:30 CST 2017]; root of context hierarchy>
2017-09-24 15:53:30.940 INFO [com.mchange.v2.log.MLog] - <MLog clients using slf4j logging.>
2017-09-24 15:53:31.413 INFO [com.mchange.v2.c3p0.C3P0Registry] - <Initializing c3p0-0.9.5.2 [built 08-December-2015 22:06:04 -0800; debug? true; trace: 10]>
2017-09-24 15:53:32.128 INFO [org.hibernate.Version] - <HHH000412: Hibernate Core {5.2.11.Final}>
2017-09-24 15:53:32.130 INFO [org.hibernate.cfg.Environment] - <HHH000206: hibernate.properties not found>
2017-09-24 15:53:33.180 WARN [org.hibernate.orm.deprecation] - <HHH90000012: Recognized obsolete hibernate namespace http://hibernate.sourceforge.net/hibernate-mapping. Use namespace http://www.hibernate.org/dtd/hibernate-mapping instead.  Support for obsolete DTD/XSD namespaces may be removed at any time.>
2017-09-24 15:53:33.241 INFO [org.hibernate.annotations.common.Version] - <HCANN000001: Hibernate Commons Annotations {5.0.1.Final}>
2017-09-24 15:53:33.386 INFO [com.mchange.v2.c3p0.impl.AbstractPoolBackedDataSource] - <Initializing c3p0 pool... com.mchange.v2.c3p0.ComboPooledDataSource [ acquireIncrement -> 3, acquireRetryAttempts -> 30, acquireRetryDelay -> 1000, autoCommitOnClose -> false, automaticTestTable -> null, breakAfterAcquireFailure -> false, checkoutTimeout -> 0, connectionCustomizerClassName -> null, connectionTesterClassName -> com.mchange.v2.c3p0.impl.DefaultConnectionTester, contextClassLoaderSource -> caller, dataSourceName -> 1hge1ic9q1dmr2q11oek43j|2e55dd0c, debugUnreturnedConnectionStackTraces -> false, description -> null, driverClass -> com.mysql.jdbc.Driver, extensions -> {}, factoryClassLocation -> null, forceIgnoreUnresolvedTransactions -> false, forceSynchronousCheckins -> false, forceUseNamedDriverClass -> false, identityToken -> 1hge1ic9q1dmr2q11oek43j|2e55dd0c, idleConnectionTestPeriod -> 0, initialPoolSize -> 1, jdbcUrl -> jdbc:mysql://localhost:3307/jeesky?useUnicode=true&characterEncoding=utf-8&autoReconnect=true&failOverReadOnly=false, maxAdministrativeTaskTime -> 0, maxConnectionAge -> 0, maxIdleTime -> 20, maxIdleTimeExcessConnections -> 0, maxPoolSize -> 40, maxStatements -> 0, maxStatementsPerConnection -> 0, minPoolSize -> 1, numHelperThreads -> 3, preferredTestQuery -> null, privilegeSpawnedThreads -> false, properties -> {user=******, password=******}, propertyCycle -> 0, statementCacheNumDeferredCloseThreads -> 0, testConnectionOnCheckin -> false, testConnectionOnCheckout -> false, unreturnedConnectionTimeout -> 0, userOverrides -> {}, usesTraditionalReflectiveProxies -> false ]>
2017-09-24 15:53:33.716 INFO [org.hibernate.dialect.Dialect] - <HHH000400: Using dialect: org.hibernate.dialect.MySQL5Dialect>
2017-09-24 15:53:35.132 INFO [org.springframework.orm.hibernate5.HibernateTransactionManager] - <Using DataSource [com.mchange.v2.c3p0.ComboPooledDataSource[ identityToken -> 1hge1ic9q1dmr2q11oek43j|2e55dd0c, dataSourceName -> 1hge1ic9q1dmr2q11oek43j|2e55dd0c ]] of Hibernate SessionFactory for HibernateTransactionManager>
2017-09-24 15:53:35.420 INFO [org.springframework.context.support.GenericApplicationContext] - <Closing org.springframework.context.support.GenericApplicationContext@5700d6b1: startup date [Sun Sep 24 15:53:30 CST 2017]; root of context hierarchy>
2017-09-24 15:56:07.211 INFO [org.springframework.test.context.support.DefaultTestContextBootstrapper] - <Loaded default TestExecutionListener class names from location [META-INF/spring.factories]: [org.springframework.test.context.web.ServletTestExecutionListener, org.springframework.test.context.support.DirtiesContextBeforeModesTestExecutionListener, org.springframework.test.context.support.DependencyInjectionTestExecutionListener, org.springframework.test.context.support.DirtiesContextTestExecutionListener, org.springframework.test.context.transaction.TransactionalTestExecutionListener, org.springframework.test.context.jdbc.SqlScriptsTestExecutionListener]>
2017-09-24 15:56:07.243 INFO [org.springframework.test.context.support.DefaultTestContextBootstrapper] - <Using TestExecutionListeners: [org.springframework.test.context.web.ServletTestExecutionListener@548a9f61, org.springframework.test.context.support.DirtiesContextBeforeModesTestExecutionListener@1753acfe, org.springframework.test.context.support.DependencyInjectionTestExecutionListener@7c16905e, org.springframework.test.context.support.DirtiesContextTestExecutionListener@2a2d45ba, org.springframework.test.context.transaction.TransactionalTestExecutionListener@2a5ca609, org.springframework.test.context.jdbc.SqlScriptsTestExecutionListener@20e2cbe0]>
2017-09-24 15:56:07.339 INFO [org.springframework.beans.factory.xml.XmlBeanDefinitionReader] - <Loading XML bean definitions from file [D:\git\jeesky\jeesky\src\main\webapp\WEB-INF\config-test\spring\aop.bean.xml]>
2017-09-24 15:56:07.512 INFO [org.springframework.beans.factory.xml.XmlBeanDefinitionReader] - <Loading XML bean definitions from file [D:\git\jeesky\jeesky\src\main\webapp\WEB-INF\config-test\spring\data-source.bean.xml]>
2017-09-24 15:56:07.536 INFO [org.springframework.beans.factory.xml.XmlBeanDefinitionReader] - <Loading XML bean definitions from file [D:\git\jeesky\jeesky\src\main\webapp\WEB-INF\config-test\spring\hibernate.bean.xml]>
2017-09-24 15:56:07.590 INFO [org.springframework.beans.factory.xml.XmlBeanDefinitionReader] - <Loading XML bean definitions from file [D:\git\jeesky\jeesky\src\main\webapp\WEB-INF\config-test\spring\spring.bean.xml]>
2017-09-24 15:56:07.738 INFO [org.springframework.beans.factory.xml.XmlBeanDefinitionReader] - <Loading XML bean definitions from file [D:\git\jeesky\jeesky\bin\cn\luna\sky\core\module\lines\Lines.bean.xml]>
2017-09-24 15:56:07.750 INFO [org.springframework.beans.factory.xml.XmlBeanDefinitionReader] - <Loading XML bean definitions from file [D:\git\jeesky\jeesky\bin\cn\luna\sky\core\module\menu\menu.bean.xml]>
2017-09-24 15:56:07.768 INFO [org.springframework.context.support.GenericApplicationContext] - <Refreshing org.springframework.context.support.GenericApplicationContext@5700d6b1: startup date [Sun Sep 24 15:56:07 CST 2017]; root of context hierarchy>
2017-09-24 15:56:08.111 INFO [com.mchange.v2.log.MLog] - <MLog clients using slf4j logging.>
2017-09-24 15:56:08.544 INFO [com.mchange.v2.c3p0.C3P0Registry] - <Initializing c3p0-0.9.5.2 [built 08-December-2015 22:06:04 -0800; debug? true; trace: 10]>
2017-09-24 15:56:09.302 INFO [org.hibernate.Version] - <HHH000412: Hibernate Core {5.2.11.Final}>
2017-09-24 15:56:09.304 INFO [org.hibernate.cfg.Environment] - <HHH000206: hibernate.properties not found>
2017-09-24 15:56:10.502 WARN [org.hibernate.orm.deprecation] - <HHH90000012: Recognized obsolete hibernate namespace http://hibernate.sourceforge.net/hibernate-mapping. Use namespace http://www.hibernate.org/dtd/hibernate-mapping instead.  Support for obsolete DTD/XSD namespaces may be removed at any time.>
2017-09-24 15:56:10.588 INFO [org.hibernate.annotations.common.Version] - <HCANN000001: Hibernate Commons Annotations {5.0.1.Final}>
2017-09-24 15:56:10.749 INFO [com.mchange.v2.c3p0.impl.AbstractPoolBackedDataSource] - <Initializing c3p0 pool... com.mchange.v2.c3p0.ComboPooledDataSource [ acquireIncrement -> 3, acquireRetryAttempts -> 30, acquireRetryDelay -> 1000, autoCommitOnClose -> false, automaticTestTable -> null, breakAfterAcquireFailure -> false, checkoutTimeout -> 0, connectionCustomizerClassName -> null, connectionTesterClassName -> com.mchange.v2.c3p0.impl.DefaultConnectionTester, contextClassLoaderSource -> caller, dataSourceName -> 1hge1ic9q1dmufzmu24868|2e55dd0c, debugUnreturnedConnectionStackTraces -> false, description -> null, driverClass -> com.mysql.jdbc.Driver, extensions -> {}, factoryClassLocation -> null, forceIgnoreUnresolvedTransactions -> false, forceSynchronousCheckins -> false, forceUseNamedDriverClass -> false, identityToken -> 1hge1ic9q1dmufzmu24868|2e55dd0c, idleConnectionTestPeriod -> 0, initialPoolSize -> 1, jdbcUrl -> jdbc:mysql://localhost:3307/jeesky?useUnicode=true&characterEncoding=utf-8&autoReconnect=true&failOverReadOnly=false, maxAdministrativeTaskTime -> 0, maxConnectionAge -> 0, maxIdleTime -> 20, maxIdleTimeExcessConnections -> 0, maxPoolSize -> 40, maxStatements -> 0, maxStatementsPerConnection -> 0, minPoolSize -> 1, numHelperThreads -> 3, preferredTestQuery -> null, privilegeSpawnedThreads -> false, properties -> {user=******, password=******}, propertyCycle -> 0, statementCacheNumDeferredCloseThreads -> 0, testConnectionOnCheckin -> false, testConnectionOnCheckout -> false, unreturnedConnectionTimeout -> 0, userOverrides -> {}, usesTraditionalReflectiveProxies -> false ]>
2017-09-24 15:56:11.118 INFO [org.hibernate.dialect.Dialect] - <HHH000400: Using dialect: org.hibernate.dialect.MySQL5Dialect>
2017-09-24 15:56:11.425 WARN [org.hibernate.id.UUIDHexGenerator] - <HHH000409: Using org.hibernate.id.UUIDHexGenerator which does not generate IETF RFC 4122 compliant UUID values; consider using org.hibernate.id.UUIDGenerator instead>
2017-09-24 15:56:12.196 INFO [org.springframework.orm.hibernate5.HibernateTransactionManager] - <Using DataSource [com.mchange.v2.c3p0.ComboPooledDataSource[ identityToken -> 1hge1ic9q1dmufzmu24868|2e55dd0c, dataSourceName -> 1hge1ic9q1dmufzmu24868|2e55dd0c ]] of Hibernate SessionFactory for HibernateTransactionManager>
2017-09-24 15:56:12.689 INFO [org.springframework.context.support.GenericApplicationContext] - <Closing org.springframework.context.support.GenericApplicationContext@5700d6b1: startup date [Sun Sep 24 15:56:07 CST 2017]; root of context hierarchy>
2017-09-24 15:59:44.811 INFO [org.springframework.test.context.support.DefaultTestContextBootstrapper] - <Loaded default TestExecutionListener class names from location [META-INF/spring.factories]: [org.springframework.test.context.web.ServletTestExecutionListener, org.springframework.test.context.support.DirtiesContextBeforeModesTestExecutionListener, org.springframework.test.context.support.DependencyInjectionTestExecutionListener, org.springframework.test.context.support.DirtiesContextTestExecutionListener, org.springframework.test.context.transaction.TransactionalTestExecutionListener, org.springframework.test.context.jdbc.SqlScriptsTestExecutionListener]>
2017-09-24 15:59:44.851 INFO [org.springframework.test.context.support.DefaultTestContextBootstrapper] - <Using TestExecutionListeners: [org.springframework.test.context.web.ServletTestExecutionListener@548a9f61, org.springframework.test.context.support.DirtiesContextBeforeModesTestExecutionListener@1753acfe, org.springframework.test.context.support.DependencyInjectionTestExecutionListener@7c16905e, org.springframework.test.context.support.DirtiesContextTestExecutionListener@2a2d45ba, org.springframework.test.context.transaction.TransactionalTestExecutionListener@2a5ca609, org.springframework.test.context.jdbc.SqlScriptsTestExecutionListener@20e2cbe0]>
2017-09-24 15:59:44.943 INFO [org.springframework.beans.factory.xml.XmlBeanDefinitionReader] - <Loading XML bean definitions from file [D:\git\jeesky\jeesky\src\main\webapp\WEB-INF\config-test\spring\aop.bean.xml]>
2017-09-24 15:59:45.146 INFO [org.springframework.beans.factory.xml.XmlBeanDefinitionReader] - <Loading XML bean definitions from file [D:\git\jeesky\jeesky\src\main\webapp\WEB-INF\config-test\spring\data-source.bean.xml]>
2017-09-24 15:59:45.172 INFO [org.springframework.beans.factory.xml.XmlBeanDefinitionReader] - <Loading XML bean definitions from file [D:\git\jeesky\jeesky\src\main\webapp\WEB-INF\config-test\spring\hibernate.bean.xml]>
2017-09-24 15:59:45.213 INFO [org.springframework.beans.factory.xml.XmlBeanDefinitionReader] - <Loading XML bean definitions from file [D:\git\jeesky\jeesky\src\main\webapp\WEB-INF\config-test\spring\spring.bean.xml]>
2017-09-24 15:59:45.379 INFO [org.springframework.beans.factory.xml.XmlBeanDefinitionReader] - <Loading XML bean definitions from file [D:\git\jeesky\jeesky\bin\cn\luna\sky\core\module\lines\Lines.bean.xml]>
2017-09-24 15:59:45.394 INFO [org.springframework.beans.factory.xml.XmlBeanDefinitionReader] - <Loading XML bean definitions from file [D:\git\jeesky\jeesky\bin\cn\luna\sky\core\module\menu\menu.bean.xml]>
2017-09-24 15:59:45.420 INFO [org.springframework.context.support.GenericApplicationContext] - <Refreshing org.springframework.context.support.GenericApplicationContext@5700d6b1: startup date [Sun Sep 24 15:59:45 CST 2017]; root of context hierarchy>
2017-09-24 15:59:45.780 INFO [com.mchange.v2.log.MLog] - <MLog clients using slf4j logging.>
2017-09-24 15:59:46.249 INFO [com.mchange.v2.c3p0.C3P0Registry] - <Initializing c3p0-0.9.5.2 [built 08-December-2015 22:06:04 -0800; debug? true; trace: 10]>
2017-09-24 15:59:46.998 INFO [org.hibernate.Version] - <HHH000412: Hibernate Core {5.2.11.Final}>
2017-09-24 15:59:47.000 INFO [org.hibernate.cfg.Environment] - <HHH000206: hibernate.properties not found>
2017-09-24 15:59:48.152 WARN [org.hibernate.orm.deprecation] - <HHH90000012: Recognized obsolete hibernate namespace http://hibernate.sourceforge.net/hibernate-mapping. Use namespace http://www.hibernate.org/dtd/hibernate-mapping instead.  Support for obsolete DTD/XSD namespaces may be removed at any time.>
2017-09-24 15:59:48.221 INFO [org.hibernate.annotations.common.Version] - <HCANN000001: Hibernate Commons Annotations {5.0.1.Final}>
2017-09-24 15:59:48.363 INFO [com.mchange.v2.c3p0.impl.AbstractPoolBackedDataSource] - <Initializing c3p0 pool... com.mchange.v2.c3p0.ComboPooledDataSource [ acquireIncrement -> 3, acquireRetryAttempts -> 30, acquireRetryDelay -> 1000, autoCommitOnClose -> false, automaticTestTable -> null, breakAfterAcquireFailure -> false, checkoutTimeout -> 0, connectionCustomizerClassName -> null, connectionTesterClassName -> com.mchange.v2.c3p0.impl.DefaultConnectionTester, contextClassLoaderSource -> caller, dataSourceName -> 1hge1ic9q1dmz3y31qw1vy|2e55dd0c, debugUnreturnedConnectionStackTraces -> false, description -> null, driverClass -> com.mysql.jdbc.Driver, extensions -> {}, factoryClassLocation -> null, forceIgnoreUnresolvedTransactions -> false, forceSynchronousCheckins -> false, forceUseNamedDriverClass -> false, identityToken -> 1hge1ic9q1dmz3y31qw1vy|2e55dd0c, idleConnectionTestPeriod -> 0, initialPoolSize -> 1, jdbcUrl -> jdbc:mysql://localhost:3307/jeesky?useUnicode=true&characterEncoding=utf-8&autoReconnect=true&failOverReadOnly=false, maxAdministrativeTaskTime -> 0, maxConnectionAge -> 0, maxIdleTime -> 20, maxIdleTimeExcessConnections -> 0, maxPoolSize -> 40, maxStatements -> 0, maxStatementsPerConnection -> 0, minPoolSize -> 1, numHelperThreads -> 3, preferredTestQuery -> null, privilegeSpawnedThreads -> false, properties -> {user=******, password=******}, propertyCycle -> 0, statementCacheNumDeferredCloseThreads -> 0, testConnectionOnCheckin -> false, testConnectionOnCheckout -> false, unreturnedConnectionTimeout -> 0, userOverrides -> {}, usesTraditionalReflectiveProxies -> false ]>
2017-09-24 15:59:48.715 INFO [org.hibernate.dialect.Dialect] - <HHH000400: Using dialect: org.hibernate.dialect.MySQL5Dialect>
2017-09-24 15:59:49.023 WARN [org.hibernate.id.UUIDHexGenerator] - <HHH000409: Using org.hibernate.id.UUIDHexGenerator which does not generate IETF RFC 4122 compliant UUID values; consider using org.hibernate.id.UUIDGenerator instead>
2017-09-24 15:59:49.724 INFO [org.springframework.orm.hibernate5.HibernateTransactionManager] - <Using DataSource [com.mchange.v2.c3p0.ComboPooledDataSource[ identityToken -> 1hge1ic9q1dmz3y31qw1vy|2e55dd0c, dataSourceName -> 1hge1ic9q1dmz3y31qw1vy|2e55dd0c ]] of Hibernate SessionFactory for HibernateTransactionManager>
2017-09-24 15:59:50.062 INFO [org.springframework.context.support.GenericApplicationContext] - <Closing org.springframework.context.support.GenericApplicationContext@5700d6b1: startup date [Sun Sep 24 15:59:45 CST 2017]; root of context hierarchy>
2017-09-24 16:00:48.929 INFO [org.springframework.test.context.support.DefaultTestContextBootstrapper] - <Loaded default TestExecutionListener class names from location [META-INF/spring.factories]: [org.springframework.test.context.web.ServletTestExecutionListener, org.springframework.test.context.support.DirtiesContextBeforeModesTestExecutionListener, org.springframework.test.context.support.DependencyInjectionTestExecutionListener, org.springframework.test.context.support.DirtiesContextTestExecutionListener, org.springframework.test.context.transaction.TransactionalTestExecutionListener, org.springframework.test.context.jdbc.SqlScriptsTestExecutionListener]>
2017-09-24 16:00:48.957 INFO [org.springframework.test.context.support.DefaultTestContextBootstrapper] - <Using TestExecutionListeners: [org.springframework.test.context.web.ServletTestExecutionListener@548a9f61, org.springframework.test.context.support.DirtiesContextBeforeModesTestExecutionListener@1753acfe, org.springframework.test.context.support.DependencyInjectionTestExecutionListener@7c16905e, org.springframework.test.context.support.DirtiesContextTestExecutionListener@2a2d45ba, org.springframework.test.context.transaction.TransactionalTestExecutionListener@2a5ca609, org.springframework.test.context.jdbc.SqlScriptsTestExecutionListener@20e2cbe0]>
2017-09-24 16:00:49.051 INFO [org.springframework.beans.factory.xml.XmlBeanDefinitionReader] - <Loading XML bean definitions from file [D:\git\jeesky\jeesky\src\main\webapp\WEB-INF\config-test\spring\aop.bean.xml]>
2017-09-24 16:00:49.280 INFO [org.springframework.beans.factory.xml.XmlBeanDefinitionReader] - <Loading XML bean definitions from file [D:\git\jeesky\jeesky\src\main\webapp\WEB-INF\config-test\spring\data-source.bean.xml]>
2017-09-24 16:00:49.308 INFO [org.springframework.beans.factory.xml.XmlBeanDefinitionReader] - <Loading XML bean definitions from file [D:\git\jeesky\jeesky\src\main\webapp\WEB-INF\config-test\spring\hibernate.bean.xml]>
2017-09-24 16:00:49.355 INFO [org.springframework.beans.factory.xml.XmlBeanDefinitionReader] - <Loading XML bean definitions from file [D:\git\jeesky\jeesky\src\main\webapp\WEB-INF\config-test\spring\spring.bean.xml]>
2017-09-24 16:00:49.539 INFO [org.springframework.beans.factory.xml.XmlBeanDefinitionReader] - <Loading XML bean definitions from file [D:\git\jeesky\jeesky\bin\cn\luna\sky\core\module\lines\Lines.bean.xml]>
2017-09-24 16:00:49.554 INFO [org.springframework.beans.factory.xml.XmlBeanDefinitionReader] - <Loading XML bean definitions from file [D:\git\jeesky\jeesky\bin\cn\luna\sky\core\module\menu\menu.bean.xml]>
2017-09-24 16:00:49.575 INFO [org.springframework.context.support.GenericApplicationContext] - <Refreshing org.springframework.context.support.GenericApplicationContext@5700d6b1: startup date [Sun Sep 24 16:00:49 CST 2017]; root of context hierarchy>
2017-09-24 16:00:49.935 INFO [com.mchange.v2.log.MLog] - <MLog clients using slf4j logging.>
2017-09-24 16:00:50.443 INFO [com.mchange.v2.c3p0.C3P0Registry] - <Initializing c3p0-0.9.5.2 [built 08-December-2015 22:06:04 -0800; debug? true; trace: 10]>
2017-09-24 16:00:51.229 INFO [org.hibernate.Version] - <HHH000412: Hibernate Core {5.2.11.Final}>
2017-09-24 16:00:51.231 INFO [org.hibernate.cfg.Environment] - <HHH000206: hibernate.properties not found>
2017-09-24 16:00:52.467 WARN [org.hibernate.orm.deprecation] - <HHH90000012: Recognized obsolete hibernate namespace http://hibernate.sourceforge.net/hibernate-mapping. Use namespace http://www.hibernate.org/dtd/hibernate-mapping instead.  Support for obsolete DTD/XSD namespaces may be removed at any time.>
2017-09-24 16:00:52.535 INFO [org.hibernate.annotations.common.Version] - <HCANN000001: Hibernate Commons Annotations {5.0.1.Final}>
2017-09-24 16:00:52.665 INFO [com.mchange.v2.c3p0.impl.AbstractPoolBackedDataSource] - <Initializing c3p0 pool... com.mchange.v2.c3p0.ComboPooledDataSource [ acquireIncrement -> 3, acquireRetryAttempts -> 30, acquireRetryDelay -> 1000, autoCommitOnClose -> false, automaticTestTable -> null, breakAfterAcquireFailure -> false, checkoutTimeout -> 0, connectionCustomizerClassName -> null, connectionTesterClassName -> com.mchange.v2.c3p0.impl.DefaultConnectionTester, contextClassLoaderSource -> caller, dataSourceName -> 1hge1ic9q1dn0hg5s8ta9q|2e55dd0c, debugUnreturnedConnectionStackTraces -> false, description -> null, driverClass -> com.mysql.jdbc.Driver, extensions -> {}, factoryClassLocation -> null, forceIgnoreUnresolvedTransactions -> false, forceSynchronousCheckins -> false, forceUseNamedDriverClass -> false, identityToken -> 1hge1ic9q1dn0hg5s8ta9q|2e55dd0c, idleConnectionTestPeriod -> 0, initialPoolSize -> 1, jdbcUrl -> jdbc:mysql://localhost:3307/jeesky?useUnicode=true&characterEncoding=utf-8&autoReconnect=true&failOverReadOnly=false, maxAdministrativeTaskTime -> 0, maxConnectionAge -> 0, maxIdleTime -> 20, maxIdleTimeExcessConnections -> 0, maxPoolSize -> 40, maxStatements -> 0, maxStatementsPerConnection -> 0, minPoolSize -> 1, numHelperThreads -> 3, preferredTestQuery -> null, privilegeSpawnedThreads -> false, properties -> {user=******, password=******}, propertyCycle -> 0, statementCacheNumDeferredCloseThreads -> 0, testConnectionOnCheckin -> false, testConnectionOnCheckout -> false, unreturnedConnectionTimeout -> 0, userOverrides -> {}, usesTraditionalReflectiveProxies -> false ]>
2017-09-24 16:00:53.036 INFO [org.hibernate.dialect.Dialect] - <HHH000400: Using dialect: org.hibernate.dialect.MySQL5Dialect>
2017-09-24 16:00:53.360 WARN [org.hibernate.id.UUIDHexGenerator] - <HHH000409: Using org.hibernate.id.UUIDHexGenerator which does not generate IETF RFC 4122 compliant UUID values; consider using org.hibernate.id.UUIDGenerator instead>
2017-09-24 16:00:54.069 INFO [org.springframework.orm.hibernate5.HibernateTransactionManager] - <Using DataSource [com.mchange.v2.c3p0.ComboPooledDataSource[ identityToken -> 1hge1ic9q1dn0hg5s8ta9q|2e55dd0c, dataSourceName -> 1hge1ic9q1dn0hg5s8ta9q|2e55dd0c ]] of Hibernate SessionFactory for HibernateTransactionManager>
2017-09-24 16:00:54.753 INFO [org.springframework.context.support.GenericApplicationContext] - <Closing org.springframework.context.support.GenericApplicationContext@5700d6b1: startup date [Sun Sep 24 16:00:49 CST 2017]; root of context hierarchy>
